Atividade-04/app/Atividade-04/app/build/intermediates/manifest_merge_blame_file/debug/processDebugMainManifest/manifest-merger-blame-debug-report.txt
1<?xml version="1.0" encoding="utf-8"?>
2<manifest xmlns:android="http://schemas.android.com/apk/res/android"
3    package="com.weatherapp"
4    android:versionCode="1"
5    android:versionName="1.0" >
6
7    <uses-sdk
8        android:minSdkVersion="24"
9        android:targetSdkVersion="36" />
10
11    <uses-permission android:name="android.permission.ACCESS_FINE_LOCATION" />
11-->src/main/AndroidManifest.xml:4:5-79
11-->src/main/AndroidManifest.xml:4:22-76
12    <uses-permission android:name="android.permission.ACCESS_COARSE_LOCATION" />
12-->src/main/AndroidManifest.xml:5:5-81
12-->src/main/AndroidManifest.xml:5:22-78
13
14    <!-- Include required permissions for Google Maps API to run. -->
15    <uses-permission android:name="android.permission.ACCESS_NETWORK_STATE" />
15-->[com.google.android.gms:play-services-maps:20.0.0] AndroidManifest.xml:20:5-78
15-->[com.google.android.gms:play-services-maps:20.0.0] AndroidManifest.xml:20:22-76
16    <uses-permission android:name="android.permission.INTERNET" />
16-->[com.google.android.gms:play-services-maps:20.0.0] AndroidManifest.xml:21:5-66
16-->[com.google.android.gms:play-services-maps:20.0.0] AndroidManifest.xml:21:22-64
17
18    <uses-feature
18-->[com.google.android.gms:play-services-maps:20.0.0] AndroidManifest.xml:22:5-24:33
19        android:glEsVersion="0x00020000"
19-->[com.google.android.gms:play-services-maps:20.0.0] AndroidManifest.xml:23:8-40
20        android:required="true" />
20-->[com.google.android.gms:play-services-maps:20.0.0] AndroidManifest.xml:24:8-31
21
22    <queries>
22-->[com.google.android.gms:play-services-maps:20.0.0] AndroidManifest.xml:27:5-30:15
23
24        <!-- Needs to be explicitly declared on Android R+ -->
25        <package android:name="com.google.android.apps.maps" />
25-->[com.google.android.gms:play-services-maps:20.0.0] AndroidManifest.xml:29:7-61
25-->[com.google.android.gms:play-services-maps:20.0.0] AndroidManifest.xml:29:16-59
26    </queries>
27
28    <permission
28-->[androidx.core:core:1.18.0] AndroidManifest.xml:22:5-24:47
29        android:name="com.weatherapp.DYNAMIC_RECEIVER_NOT_EXPORTED_PERMISSION"
29-->[androidx.core:core:1.18.0] AndroidManifest.xml:23:9-81
30        android:protectionLevel="signature" />
30-->[androidx.core:core:1.18.0] AndroidManifest.xml:24:9-44
31
32    <uses-permission android:name="com.weatherapp.DYNAMIC_RECEIVER_NOT_EXPORTED_PERMISSION" />
32-->[androidx.core:core:1.18.0] AndroidManifest.xml:26:5-97
32-->[androidx.core:core:1.18.0] AndroidManifest.xml:26:22-94
33
34    <application
34-->src/main/AndroidManifest.xml:6:5-64:19
35        android:allowBackup="true"
35-->src/main/AndroidManifest.xml:7:9-35
36        android:appComponentFactory="androidx.core.app.CoreComponentFactory"
36-->[androidx.core:core:1.18.0] AndroidManifest.xml:28:18-86
37        android:dataExtractionRules="@xml/data_extraction_rules"
37-->src/main/AndroidManifest.xml:8:9-65
38        android:debuggable="true"
39        android:extractNativeLibs="false"
40        android:fullBackupContent="@xml/backup_rules"
40-->src/main/AndroidManifest.xml:9:9-54
41        android:icon="@mipmap/ic_launcher"
41-->src/main/AndroidManifest.xml:10:9-43
42        android:label="@string/app_name"
42-->src/main/AndroidManifest.xml:11:9-41
43        android:roundIcon="@mipmap/ic_launcher_round"
43-->src/main/AndroidManifest.xml:12:9-54
44        android:supportsRtl="true"
44-->src/main/AndroidManifest.xml:13:9-35
45        android:testOnly="true"
46        android:theme="@style/Theme.WeatherApp" >
46-->src/main/AndroidManifest.xml:14:9-48
47        <activity
47-->src/main/AndroidManifest.xml:15:9-19:55
48            android:name="com.weatherapp.ui.nav.MainNavHost"
48-->src/main/AndroidManifest.xml:16:13-47
49            android:exported="false"
49-->src/main/AndroidManifest.xml:17:13-37
50            android:label="@string/title_activity_main_nav_host"
50-->src/main/AndroidManifest.xml:18:13-65
51            android:theme="@style/Theme.WeatherApp" />
51-->src/main/AndroidManifest.xml:19:13-52
52        <activity
52-->src/main/AndroidManifest.xml:20:9-24:55
53            android:name="com.weatherapp.ui.nav.BottomNavItem"
53-->src/main/AndroidManifest.xml:21:13-49
54            android:exported="false"
54-->src/main/AndroidManifest.xml:22:13-37
55            android:label="@string/title_activity_bottom_nav_item"
55-->src/main/AndroidManifest.xml:23:13-67
56            android:theme="@style/Theme.WeatherApp" />
56-->src/main/AndroidManifest.xml:24:13-52
57        <activity
57-->src/main/AndroidManifest.xml:25:9-29:55
58            android:name="com.weatherapp.ui.nav.BottomNavBar"
58-->src/main/AndroidManifest.xml:26:13-48
59            android:exported="false"
59-->src/main/AndroidManifest.xml:27:13-37
60            android:label="@string/title_activity_bottom_nav_bar"
60-->src/main/AndroidManifest.xml:28:13-66
61            android:theme="@style/Theme.WeatherApp" />
61-->src/main/AndroidManifest.xml:29:13-52
62        <activity
62-->src/main/AndroidManifest.xml:30:9-34:55
63            android:name="com.weatherapp.MapPage"
63-->src/main/AndroidManifest.xml:31:13-36
64            android:exported="false"
64-->src/main/AndroidManifest.xml:32:13-37
65            android:label="@string/title_activity_map_page"
65-->src/main/AndroidManifest.xml:33:13-60
66            android:theme="@style/Theme.WeatherApp" />
66-->src/main/AndroidManifest.xml:34:13-52
67        <activity
67-->src/main/AndroidManifest.xml:35:9-39:55
68            android:name="com.weatherapp.ListPage"
68-->src/main/AndroidManifest.xml:36:13-37
69            android:exported="false"
69-->src/main/AndroidManifest.xml:37:13-37
70            android:label="@string/title_activity_list_page"
70-->src/main/AndroidManifest.xml:38:13-61
71            android:theme="@style/Theme.WeatherApp" />
71-->src/main/AndroidManifest.xml:39:13-52
72        <activity
72-->src/main/AndroidManifest.xml:40:9-44:55
73            android:name="com.weatherapp.RegisterActivity"
73-->src/main/AndroidManifest.xml:41:13-45
74            android:exported="false"
74-->src/main/AndroidManifest.xml:42:13-37
75            android:label="@string/title_activity_register"
75-->src/main/AndroidManifest.xml:43:13-60
76            android:theme="@style/Theme.WeatherApp" />
76-->src/main/AndroidManifest.xml:44:13-52
77        <activity
77-->src/main/AndroidManifest.xml:45:9-55:20
78            android:name="com.weatherapp.LoginActivity"
78-->src/main/AndroidManifest.xml:46:13-42
79            android:exported="true"
79-->src/main/AndroidManifest.xml:47:13-36
80            android:label="@string/title_activity_login"
80-->src/main/AndroidManifest.xml:48:13-57
81            android:theme="@style/Theme.WeatherApp" >
81-->src/main/AndroidManifest.xml:49:13-52
82            <intent-filter>
82-->src/main/AndroidManifest.xml:50:13-54:29
83                <action android:name="android.intent.action.MAIN" />
83-->src/main/AndroidManifest.xml:51:17-69
83-->src/main/AndroidManifest.xml:51:25-66
84
85                <category android:name="android.intent.category.LAUNCHER" />
85-->src/main/AndroidManifest.xml:53:17-77
85-->src/main/AndroidManifest.xml:53:27-74
86            </intent-filter>
87        </activity>
88        <activity
88-->src/main/AndroidManifest.xml:56:9-60:55
89            android:name="com.weatherapp.MainActivity"
89-->src/main/AndroidManifest.xml:57:13-41
90            android:exported="true"
90-->src/main/AndroidManifest.xml:58:13-36
91            android:label="@string/app_name"
91-->src/main/AndroidManifest.xml:59:13-45
92            android:theme="@style/Theme.WeatherApp" />
92-->src/main/AndroidManifest.xml:60:13-52
93
94        <meta-data
95            android:name="com.google.android.geo.API_KEY"
95-->src/main/AndroidManifest.xml:61:20-65
96            android:value="AIzaSyASOQFD83ukNGlMG63v5jeGGK4QS_Ykx3Q" />
96-->src/main/AndroidManifest.xml:62:13-44
97
98        <uses-library
98-->src/main/AndroidManifest.xml:63:9-88
99            android:name="org.apache.http.legacy"
99-->src/main/AndroidManifest.xml:63:23-60
100            android:required="false" />
100-->src/main/AndroidManifest.xml:63:61-85
101
102        <provider
102-->[com.google.maps.android:maps-compose:8.3.0] AndroidManifest.xml:24:9-32:20
103            android:name="androidx.startup.InitializationProvider"
103-->[com.google.maps.android:maps-compose:8.3.0] AndroidManifest.xml:25:13-67
104            android:authorities="com.weatherapp.androidx-startup"
104-->[com.google.maps.android:maps-compose:8.3.0] AndroidManifest.xml:26:13-68
105            android:exported="false" >
105-->[com.google.maps.android:maps-compose:8.3.0] AndroidManifest.xml:27:13-37
106            <meta-data
106-->[com.google.maps.android:maps-compose:8.3.0] AndroidManifest.xml:29:13-31:52
107                android:name="com.google.maps.android.compose.utils.attribution.AttributionIdInitializer"
107-->[com.google.maps.android:maps-compose:8.3.0] AndroidManifest.xml:30:17-106
108                android:value="androidx.startup" />
108-->[com.google.maps.android:maps-compose:8.3.0] AndroidManifest.xml:31:17-49
109            <meta-data
109-->[com.google.maps.android:maps-ktx:6.0.1] AndroidManifest.xml:30:13-32:52
110                android:name="com.google.maps.android.ktx.utils.attribution.AttributionIdInitializer"
110-->[com.google.maps.android:maps-ktx:6.0.1] AndroidManifest.xml:31:17-102
111                android:value="androidx.startup" />
111-->[com.google.maps.android:maps-ktx:6.0.1] AndroidManifest.xml:32:17-49
112            <meta-data
112-->[androidx.emoji2:emoji2:1.4.0] AndroidManifest.xml:29:13-31:52
113                android:name="androidx.emoji2.text.EmojiCompatInitializer"
113-->[androidx.emoji2:emoji2:1.4.0] AndroidManifest.xml:30:17-75
114                android:value="androidx.startup" />
114-->[androidx.emoji2:emoji2:1.4.0] AndroidManifest.xml:31:17-49
115            <meta-data
115-->[androidx.lifecycle:lifecycle-process:2.10.0] AndroidManifest.xml:29:13-31:52
116                android:name="androidx.lifecycle.ProcessLifecycleInitializer"
116-->[androidx.lifecycle:lifecycle-process:2.10.0] AndroidManifest.xml:30:17-78
117                android:value="androidx.startup" />
117-->[androidx.lifecycle:lifecycle-process:2.10.0] AndroidManifest.xml:31:17-49
118            <meta-data
118-->[androidx.profileinstaller:profileinstaller:1.4.0] AndroidManifest.xml:29:13-31:52
119                android:name="androidx.profileinstaller.ProfileInstallerInitializer"
119-->[androidx.profileinstaller:profileinstaller:1.4.0] AndroidManifest.xml:30:17-85
120                android:value="androidx.startup" />
120-->[androidx.profileinstaller:profileinstaller:1.4.0] AndroidManifest.xml:31:17-49
121        </provider>
122
123        <activity
123-->[com.google.android.gms:play-services-base:18.5.0] AndroidManifest.xml:5:9-173
124            android:name="com.google.android.gms.common.api.GoogleApiActivity"
124-->[com.google.android.gms:play-services-base:18.5.0] AndroidManifest.xml:5:19-85
125            android:exported="false"
125-->[com.google.android.gms:play-services-base:18.5.0] AndroidManifest.xml:5:146-170
126            android:theme="@android:style/Theme.Translucent.NoTitleBar" />
126-->[com.google.android.gms:play-services-base:18.5.0] AndroidManifest.xml:5:86-145
127
128        <meta-data
128-->[com.google.android.gms:play-services-basement:18.9.0] AndroidManifest.xml:21:9-23:69
129            android:name="com.google.android.gms.version"
129-->[com.google.android.gms:play-services-basement:18.9.0] AndroidManifest.xml:22:13-58
130            android:value="@integer/google_play_services_version" />
130-->[com.google.android.gms:play-services-basement:18.9.0] AndroidManifest.xml:23:13-66
131
132        <activity
132-->[androidx.compose.ui:ui-tooling-android:1.10.5] AndroidManifest.xml:23:9-25:39
133            android:name="androidx.compose.ui.tooling.PreviewActivity"
133-->[androidx.compose.ui:ui-tooling-android:1.10.5] AndroidManifest.xml:24:13-71
134            android:exported="true" />
134-->[androidx.compose.ui:ui-tooling-android:1.10.5] AndroidManifest.xml:25:13-36
135        <activity
135-->[androidx.compose.ui:ui-test-manifest:1.10.5] AndroidManifest.xml:23:9-26:79
136            android:name="androidx.activity.ComponentActivity"
136-->[androidx.compose.ui:ui-test-manifest:1.10.5] AndroidManifest.xml:24:13-63
137            android:exported="true"
137-->[androidx.compose.ui:ui-test-manifest:1.10.5] AndroidManifest.xml:25:13-36
138            android:theme="@android:style/Theme.Material.Light.NoActionBar" />
138-->[androidx.compose.ui:ui-test-manifest:1.10.5] AndroidManifest.xml:26:13-76
139
140        <uses-library
140-->[androidx.window:window:1.5.0] AndroidManifest.xml:23:9-25:40
141            android:name="androidx.window.extensions"
141-->[androidx.window:window:1.5.0] AndroidManifest.xml:24:13-54
142            android:required="false" />
142-->[androidx.window:window:1.5.0] AndroidManifest.xml:25:13-37
143        <uses-library
143-->[androidx.window:window:1.5.0] AndroidManifest.xml:26:9-28:40
144            android:name="androidx.window.sidecar"
144-->[androidx.window:window:1.5.0] AndroidManifest.xml:27:13-51
145            android:required="false" />
145-->[androidx.window:window:1.5.0] AndroidManifest.xml:28:13-37
146
147        <receiver
147-->[androidx.profileinstaller:profileinstaller:1.4.0] AndroidManifest.xml:34:9-52:20
148            android:name="androidx.profileinstaller.ProfileInstallReceiver"
148-->[androidx.profileinstaller:profileinstaller:1.4.0] AndroidManifest.xml:35:13-76
149            android:directBootAware="false"
149-->[androidx.profileinstaller:profileinstaller:1.4.0] AndroidManifest.xml:36:13-44
150            android:enabled="true"
150-->[androidx.profileinstaller:profileinstaller:1.4.0] AndroidManifest.xml:37:13-35
151            android:exported="true"
151-->[androidx.profileinstaller:profileinstaller:1.4.0] AndroidManifest.xml:38:13-36
152            android:permission="android.permission.DUMP" >
152-->[androidx.profileinstaller:profileinstaller:1.4.0] AndroidManifest.xml:39:13-57
153            <intent-filter>
153-->[androidx.profileinstaller:profileinstaller:1.4.0] AndroidManifest.xml:40:13-42:29
154                <action android:name="androidx.profileinstaller.action.INSTALL_PROFILE" />
154-->[androidx.profileinstaller:profileinstaller:1.4.0] AndroidManifest.xml:41:17-91
154-->[androidx.profileinstaller:profileinstaller:1.4.0] AndroidManifest.xml:41:25-88
155            </intent-filter>
156            <intent-filter>
156-->[androidx.profileinstaller:profileinstaller:1.4.0] AndroidManifest.xml:43:13-45:29
157                <action android:name="androidx.profileinstaller.action.SKIP_FILE" />
157-->[androidx.profileinstaller:profileinstaller:1.4.0] AndroidManifest.xml:44:17-85
157-->[androidx.profileinstaller:profileinstaller:1.4.0] AndroidManifest.xml:44:25-82
158            </intent-filter>
159            <intent-filter>
159-->[androidx.profileinstaller:profileinstaller:1.4.0] AndroidManifest.xml:46:13-48:29
160                <action android:name="androidx.profileinstaller.action.SAVE_PROFILE" />
160-->[androidx.profileinstaller:profileinstaller:1.4.0] AndroidManifest.xml:47:17-88
160-->[androidx.profileinstaller:profileinstaller:1.4.0] AndroidManifest.xml:47:25-85
161            </intent-filter>
162            <intent-filter>
162-->[androidx.profileinstaller:profileinstaller:1.4.0] AndroidManifest.xml:49:13-51:29
163                <action android:name="androidx.profileinstaller.action.BENCHMARK_OPERATION" />
163-->[androidx.profileinstaller:profileinstaller:1.4.0] AndroidManifest.xml:50:17-95
163-->[androidx.profileinstaller:profileinstaller:1.4.0] AndroidManifest.xml:50:25-92
164            </intent-filter>
165        </receiver>
166    </application>
167
168</manifest>